cpu-bind=MASK - dlcgpu25, task  0  0 [1483418]: mask 0x1c0000101c000010 set
/var/spool/slurm/job20924750/slurm_script: line 11: module: command not found
2025-08-05 20:32:45 [INFO] Loading X_test (fold 1) from /work/dlclarge2/latifajr-dl_lab_project/autoML/automl-exam-ss25-tabular-freiburg-template/data/wine_quality
2025-08-05 20:32:45 [INFO] Loading X_test for fold 1 of dataset: /work/dlclarge2/latifajr-dl_lab_project/autoML/automl-exam-ss25-tabular-freiburg-template/data/wine_quality
2025-08-05 20:32:46 [INFO] Loaded full training data (3447 rows, 12 cols)
2025-08-05 20:32:46 [INFO] Loading ensemble from /work/dlclarge2/latifajr-dl_lab_project/autoML/automl-exam-ss25-tabular-freiburg-template/modelsFinal-wine_quality_rona/final_model.pkl
TBB Warning: The number of workers is currently limited to 7. The request for 63 workers is ignored. Further requests for more workers will be silently ignored until the limit changes.

/work/dlclarge2/latifajr-dl_lab_project/autoML/automl-exam-ss25-tabular-freiburg-template/automl-tabular-env/lib/python3.10/site-packages/pytorch_tabnet/abstract_model.py:82: UserWarning: Device used : cuda
  warnings.warn(f"Device used : {self.device}")
/work/dlclarge2/latifajr-dl_lab_project/autoML/automl-exam-ss25-tabular-freiburg-template/automl-tabular-env/lib/python3.10/site-packages/pytorch_tabnet/abstract_model.py:82: UserWarning: Device used : cuda
  warnings.warn(f"Device used : {self.device}")
/work/dlclarge2/latifajr-dl_lab_project/autoML/automl-exam-ss25-tabular-freiburg-template/automl-tabular-env/lib/python3.10/site-packages/pytorch_tabnet/abstract_model.py:82: UserWarning: Device used : cuda
  warnings.warn(f"Device used : {self.device}")
/work/dlclarge2/latifajr-dl_lab_project/autoML/automl-exam-ss25-tabular-freiburg-template/automl-tabular-env/lib/python3.10/site-packages/pytorch_tabnet/abstract_model.py:82: UserWarning: Device used : cuda
  warnings.warn(f"Device used : {self.device}")
/work/dlclarge2/latifajr-dl_lab_project/autoML/automl-exam-ss25-tabular-freiburg-template/automl-tabular-env/lib/python3.10/site-packages/pytorch_tabnet/abstract_model.py:82: UserWarning: Device used : cuda
  warnings.warn(f"Device used : {self.device}")
/work/dlclarge2/latifajr-dl_lab_project/autoML/automl-exam-ss25-tabular-freiburg-template/automl-tabular-env/lib/python3.10/site-packages/pytorch_tabnet/abstract_model.py:82: UserWarning: Device used : cuda
  warnings.warn(f"Device used : {self.device}")
/work/dlclarge2/latifajr-dl_lab_project/autoML/automl-exam-ss25-tabular-freiburg-template/automl-tabular-env/lib/python3.10/site-packages/pytorch_tabnet/abstract_model.py:82: UserWarning: Device used : cuda
  warnings.warn(f"Device used : {self.device}")
/work/dlclarge2/latifajr-dl_lab_project/autoML/automl-exam-ss25-tabular-freiburg-template/automl-tabular-env/lib/python3.10/site-packages/pytorch_tabnet/abstract_model.py:82: UserWarning: Device used : cuda
  warnings.warn(f"Device used : {self.device}")
/work/dlclarge2/latifajr-dl_lab_project/autoML/automl-exam-ss25-tabular-freiburg-template/automl-tabular-env/lib/python3.10/site-packages/pytorch_tabnet/abstract_model.py:82: UserWarning: Device used : cuda
  warnings.warn(f"Device used : {self.device}")
/work/dlclarge2/latifajr-dl_lab_project/autoML/automl-exam-ss25-tabular-freiburg-template/automl-tabular-env/lib/python3.10/site-packages/pytorch_tabnet/abstract_model.py:82: UserWarning: Device used : cuda
  warnings.warn(f"Device used : {self.device}")
2025-08-05 20:33:55 [INFO] Saving predictions to /work/dlclarge2/latifajr-dl_lab_project/autoML/automl-exam-ss25-tabular-freiburg-template/modelsFinal-wine_quality_rona/y_pred.csv
